Сборка начата 29.04.20 16:03:15.
Уровень детализации журнала: Normal.     1>Проект "D:\Education\Practice\OAP\Lab12\Lab12\Lab12.vcxproj" в узле 2 (целевые объекты Build).
     1>InitializeBuildStatus:
         Создание "Debug\Lab12.tlog\unsuccessfulbuild", так как было задано "AlwaysCreate".
       ClCompile:
         C:\Program Files (x86)\Microsoft Visual Studio\2019\Community\VC\Tools\MSVC\14.25.28610\bin\HostX86\x86\CL.exe /c /ZI /JMC /nologo /W3 /WX- /diagnostics:column /sdl /Od /Oy- /D _DEBUG /D _CONSOLE /D _UNICODE /D UNICODE /Gm- /EHsc /RTC1 /MDd /GS /fp:precise /permissive- /Zc:wchar_t /Zc:forScope /Zc:inline /Fo"Debug\\" /Fd"Debug\vc142.pdb" /Gd /TP /analyze- /FC /errorReport:prompt Tree.cpp
         Tree.cpp
     1>D:\Education\Practice\OAP\Lab12\Lab12\Tree.cpp(178): warning C4715: Tree::Balance: значение возвращается не при всех путях выполнения
       Link:
         C:\Program Files (x86)\Microsoft Visual Studio\2019\Community\VC\Tools\MSVC\14.25.28610\bin\HostX86\x86\link.exe /ERRORREPORT:PROMPT /OUT:"D:\Education\Practice\OAP\Lab12\Debug\Lab12.exe" /INCREMENTAL /NOLOGO kernel32.lib user32.lib gdi32.lib winspool.lib comdlg32.lib advapi32.lib shell32.lib ole32.lib oleaut32.lib uuid.lib odbc32.lib odbccp32.lib /MANIFEST /MANIFESTUAC:"level='asInvoker' uiAccess='false'" /manifest:embed /DEBUG:FASTLINK /PDB:"D:\Education\Practice\OAP\Lab12\Debug\Lab12.pdb" /SUBSYSTEM:CONSOLE /TLBID:1 /DYNAMICBASE /NXCOMPAT /IMPLIB:"D:\Education\Practice\OAP\Lab12\Debug\Lab12.lib" /MACHINE:X86 Debug\Source.obj
         Debug\Tree.obj
         Lab12.vcxproj -> D:\Education\Practice\OAP\Lab12\Debug\Lab12.exe
       FinalizeBuildStatus:
         Файл "Debug\Lab12.tlog\unsuccessfulbuild" удаляется.
         Обращение к "Debug\Lab12.tlog\Lab12.lastbuildstate".
     1>Сборка проекта "D:\Education\Practice\OAP\Lab12\Lab12\Lab12.vcxproj" завершена (целевые объекты Build).

Сборка успешно завершена.

       "D:\Education\Practice\OAP\Lab12\Lab12\Lab12.vcxproj" (целевой объект Build ) (1) ->
       (Целевой объект ClCompile) -> 
         D:\Education\Practice\OAP\Lab12\Lab12\Tree.cpp(178): warning C4715: Tree::Balance: значение возвращается не при всех путях выполнения

    Предупреждений: 1
    Ошибок: 0

Прошло времени 00:00:01.29
