Сборка начата 28.04.20 14:42:53.
Уровень детализации журнала: Normal.     1>Проект "D:\Education\Practice\OAP\Lab12_dop1\Lab12_dop1\Lab12_dop1.vcxproj" в узле 2 (целевые объекты Build).
     1>InitializeBuildStatus:
         Создание "Debug\Lab12_dop1.tlog\unsuccessfulbuild", так как было задано "AlwaysCreate".
       ClCompile:
         C:\Program Files (x86)\Microsoft Visual Studio\2019\Community\VC\Tools\MSVC\14.25.28610\bin\HostX86\x86\CL.exe /c /ZI /JMC /nologo /W3 /WX- /diagnostics:column /sdl /Od /Oy- /D _DEBUG /D _CONSOLE /D _UNICODE /D UNICODE /Gm- /EHsc /RTC1 /MDd /GS /fp:precise /permissive- /Zc:wchar_t /Zc:forScope /Zc:inline /Fo"Debug\\" /Fd"Debug\vc142.pdb" /Gd /TP /analyze- /FC /errorReport:prompt Source.cpp
         Source.cpp
     1>D:\Education\Practice\OAP\Lab12_dop1\Lab12_dop1\Source.cpp(20,27): warning C4018: <: несоответствие типов со знаком и без знака
     1>D:\Education\Practice\OAP\Lab12_dop1\Lab12_dop1\Source.cpp(24,27): warning C4018: <: несоответствие типов со знаком и без знака
     1>D:\Education\Practice\OAP\Lab12_dop1\Lab12_dop1\Source.cpp(28,27): warning C4018: <: несоответствие типов со знаком и без знака
     1>D:\Education\Practice\OAP\Lab12_dop1\Lab12_dop1\Source.cpp(96,23): warning C4018: <: несоответствие типов со знаком и без знака
       Link:
         C:\Program Files (x86)\Microsoft Visual Studio\2019\Community\VC\Tools\MSVC\14.25.28610\bin\HostX86\x86\link.exe /ERRORREPORT:PROMPT /OUT:"D:\Education\Practice\OAP\Lab12_dop1\Debug\Lab12_dop1.exe" /INCREMENTAL /NOLOGO kernel32.lib user32.lib gdi32.lib winspool.lib comdlg32.lib advapi32.lib shell32.lib ole32.lib oleaut32.lib uuid.lib odbc32.lib odbccp32.lib /MANIFEST /MANIFESTUAC:"level='asInvoker' uiAccess='false'" /manifest:embed /DEBUG:FASTLINK /PDB:"D:\Education\Practice\OAP\Lab12_dop1\Debug\Lab12_dop1.pdb" /SUBSYSTEM:CONSOLE /TLBID:1 /DYNAMICBASE /NXCOMPAT /IMPLIB:"D:\Education\Practice\OAP\Lab12_dop1\Debug\Lab12_dop1.lib" /MACHINE:X86 Debug\Source.obj
         Lab12_dop1.vcxproj -> D:\Education\Practice\OAP\Lab12_dop1\Debug\Lab12_dop1.exe
       FinalizeBuildStatus:
         Файл "Debug\Lab12_dop1.tlog\unsuccessfulbuild" удаляется.
         Обращение к "Debug\Lab12_dop1.tlog\Lab12_dop1.lastbuildstate".
     1>Сборка проекта "D:\Education\Practice\OAP\Lab12_dop1\Lab12_dop1\Lab12_dop1.vcxproj" завершена (целевые объекты Build).

Сборка успешно завершена.

       "D:\Education\Practice\OAP\Lab12_dop1\Lab12_dop1\Lab12_dop1.vcxproj" (целевой объект Build ) (1) ->
       (Целевой объект ClCompile) -> 
         D:\Education\Practice\OAP\Lab12_dop1\Lab12_dop1\Source.cpp(20,27): warning C4018: <: несоответствие типов со знаком и без знака
         D:\Education\Practice\OAP\Lab12_dop1\Lab12_dop1\Source.cpp(24,27): warning C4018: <: несоответствие типов со знаком и без знака
         D:\Education\Practice\OAP\Lab12_dop1\Lab12_dop1\Source.cpp(28,27): warning C4018: <: несоответствие типов со знаком и без знака
         D:\Education\Practice\OAP\Lab12_dop1\Lab12_dop1\Source.cpp(96,23): warning C4018: <: несоответствие типов со знаком и без знака

    Предупреждений: 4
    Ошибок: 0

Прошло времени 00:00:01.73
