Сборка начата 06.05.20 12:49:45.
Уровень детализации журнала: Normal.     1>Проект "D:\Education\Practice\OAP\Lab13\Lab13\Lab13.vcxproj" в узле 2 (целевые объекты Build).
     1>InitializeBuildStatus:
         Создание "Debug\Lab13.tlog\unsuccessfulbuild", так как было задано "AlwaysCreate".
       ClCompile:
         C:\Program Files (x86)\Microsoft Visual Studio\2019\Community\VC\Tools\MSVC\14.25.28610\bin\HostX86\x86\CL.exe /c /ZI /JMC /nologo /W3 /WX- /diagnostics:column /sdl /Od /Oy- /D _DEBUG /D _CONSOLE /D _UNICODE /D UNICODE /Gm- /EHsc /RTC1 /MDd /GS /fp:precise /permissive- /Zc:wchar_t /Zc:forScope /Zc:inline /Fo"Debug\\" /Fd"Debug\vc142.pdb" /Gd /TP /analyze- /FC /errorReport:prompt Heap.cpp Source.cpp
         Heap.cpp
     1>D:\Education\Practice\OAP\Lab13\Lab13\Heap.cpp(155,19): warning C4305: =: усечение из "__int64" в "int"
     1>D:\Education\Practice\OAP\Lab13\Lab13\Heap.cpp(155,7): warning C4309: =: усечение константного значения
         Source.cpp
         Создание кода...
       Link:
         C:\Program Files (x86)\Microsoft Visual Studio\2019\Community\VC\Tools\MSVC\14.25.28610\bin\HostX86\x86\link.exe /ERRORREPORT:PROMPT /OUT:"D:\Education\Practice\OAP\Lab13\Debug\Lab13.exe" /INCREMENTAL /NOLOGO kernel32.lib user32.lib gdi32.lib winspool.lib comdlg32.lib advapi32.lib shell32.lib ole32.lib oleaut32.lib uuid.lib odbc32.lib odbccp32.lib /MANIFEST /MANIFESTUAC:"level='asInvoker' uiAccess='false'" /manifest:embed /DEBUG:FASTLINK /PDB:"D:\Education\Practice\OAP\Lab13\Debug\Lab13.pdb" /SUBSYSTEM:CONSOLE /TLBID:1 /DYNAMICBASE /NXCOMPAT /IMPLIB:"D:\Education\Practice\OAP\Lab13\Debug\Lab13.lib" /MACHINE:X86 Debug\Heap.obj
         Debug\Source.obj
         Lab13.vcxproj -> D:\Education\Practice\OAP\Lab13\Debug\Lab13.exe
       FinalizeBuildStatus:
         Файл "Debug\Lab13.tlog\unsuccessfulbuild" удаляется.
         Обращение к "Debug\Lab13.tlog\Lab13.lastbuildstate".
     1>Сборка проекта "D:\Education\Practice\OAP\Lab13\Lab13\Lab13.vcxproj" завершена (целевые объекты Build).

Сборка успешно завершена.

       "D:\Education\Practice\OAP\Lab13\Lab13\Lab13.vcxproj" (целевой объект Build ) (1) ->
       (Целевой объект ClCompile) -> 
         D:\Education\Practice\OAP\Lab13\Lab13\Heap.cpp(155,19): warning C4305: =: усечение из "__int64" в "int"
         D:\Education\Practice\OAP\Lab13\Lab13\Heap.cpp(155,7): warning C4309: =: усечение константного значения

    Предупреждений: 2
    Ошибок: 0

Прошло времени 00:00:07.48
