Сборка начата 08.04.20 16:26:28.
Уровень детализации журнала: Normal.     1>Проект "D:\Education\Practice\OAP\Lab9_dop2\Project1\Project1.vcxproj" в узле 2 (целевые объекты Build).
     1>InitializeBuildStatus:
         Создание "Debug\Project1.tlog\unsuccessfulbuild", так как было задано "AlwaysCreate".
       ClCompile:
         C:\Program Files (x86)\Microsoft Visual Studio\2019\Community\VC\Tools\MSVC\14.24.28314\bin\HostX86\x86\CL.exe /c /ZI /JMC /nologo /W3 /WX- /diagnostics:column /sdl /Od /Oy- /D _MBCS /Gm- /EHsc /RTC1 /MDd /GS /fp:precise /permissive- /Zc:wchar_t /Zc:forScope /Zc:inline /Fo"Debug\\" /Fd"Debug\vc142.pdb" /Gd /TP /analyze- /FC /errorReport:prompt Main.cpp
         Main.cpp
     1>D:\Education\Practice\OAP\Lab9_dop2\Project1\List.h(264,2): warning C4018: <: несоответствие типов со знаком и без знака
     1>D:\Education\Practice\OAP\Lab9_dop2\Project1\List.h(288,2): warning C4018: <: несоответствие типов со знаком и без знака
     1>D:\Education\Practice\OAP\Lab9_dop2\Project1\List.h(355,2): warning C4018: <: несоответствие типов со знаком и без знака
     1>D:\Education\Practice\OAP\Lab9_dop2\Project1\Main.cpp(459,57): warning C4244: return: преобразование "int" в "float", возможна потеря данных
       Link:
         C:\Program Files (x86)\Microsoft Visual Studio\2019\Community\VC\Tools\MSVC\14.24.28314\bin\HostX86\x86\link.exe /ERRORREPORT:PROMPT /OUT:"D:\Education\Practice\OAP\Lab9_dop2\Debug\Project1.exe" /INCREMENTAL /NOLOGO kernel32.lib user32.lib gdi32.lib winspool.lib comdlg32.lib advapi32.lib shell32.lib ole32.lib oleaut32.lib uuid.lib odbc32.lib odbccp32.lib /MANIFEST /MANIFESTUAC:"level='asInvoker' uiAccess='false'" /manifest:embed /DEBUG:FASTLINK /PDB:"D:\Education\Practice\OAP\Lab9_dop2\Debug\Project1.pdb" /SUBSYSTEM:CONSOLE /TLBID:1 /DYNAMICBASE /NXCOMPAT /IMPLIB:"D:\Education\Practice\OAP\Lab9_dop2\Debug\Project1.lib" /MACHINE:X86 Debug\Main.obj
         Project1.vcxproj -> D:\Education\Practice\OAP\Lab9_dop2\Debug\Project1.exe
       FinalizeBuildStatus:
         Файл "Debug\Project1.tlog\unsuccessfulbuild" удаляется.
         Обращение к "Debug\Project1.tlog\Project1.lastbuildstate".
     1>Сборка проекта "D:\Education\Practice\OAP\Lab9_dop2\Project1\Project1.vcxproj" завершена (целевые объекты Build).

Сборка успешно завершена.

       "D:\Education\Practice\OAP\Lab9_dop2\Project1\Project1.vcxproj" (целевой объект Build ) (1) ->
       (Целевой объект ClCompile) -> 
         D:\Education\Practice\OAP\Lab9_dop2\Project1\List.h(264,2): warning C4018: <: несоответствие типов со знаком и без знака
         D:\Education\Practice\OAP\Lab9_dop2\Project1\List.h(288,2): warning C4018: <: несоответствие типов со знаком и без знака
         D:\Education\Practice\OAP\Lab9_dop2\Project1\List.h(355,2): warning C4018: <: несоответствие типов со знаком и без знака
         D:\Education\Practice\OAP\Lab9_dop2\Project1\Main.cpp(459,57): warning C4244: return: преобразование "int" в "float", возможна потеря данных

    Предупреждений: 4
    Ошибок: 0

Прошло времени 00:00:02.39
