Сборка начата 28.05.20 15:54:33.
Уровень детализации журнала: Normal.     1>Проект "D:\Education\Practice\OAP\Lab14\Lab14\Lab14.vcxproj" в узле 2 (целевые объекты Build).
     1>InitializeBuildStatus:
         Обращение к "Debug\Lab14.tlog\unsuccessfulbuild".
       ClCompile:
         C:\Program Files (x86)\Microsoft Visual Studio\2019\Community\VC\Tools\MSVC\14.25.28610\bin\HostX86\x86\CL.exe /c /ZI /JMC /nologo /W3 /WX- /diagnostics:column /sdl /Od /Oy- /D _DEBUG /D _CONSOLE /D _UNICODE /D UNICODE /Gm- /EHsc /RTC1 /MDd /GS /fp:precise /permissive- /Zc:wchar_t /Zc:forScope /Zc:inline /Fo"Debug\\" /Fd"Debug\vc142.pdb" /Gd /TP /analyze- /FC /errorReport:prompt HashFunctions.cpp
         HashFunctions.cpp
     1>D:\Education\Practice\OAP\Lab14\Lab14\HashFunctions.cpp(24,12): warning C4244: аргумент: преобразование "time_t" в "unsigned int", возможна потеря данных
     1>D:\Education\Practice\OAP\Lab14\Lab14\HashFunctions.cpp(32,11): warning C4244: return: преобразование "double" в "int", возможна потеря данных
       Link:
         C:\Program Files (x86)\Microsoft Visual Studio\2019\Community\VC\Tools\MSVC\14.25.28610\bin\HostX86\x86\link.exe /ERRORREPORT:PROMPT /OUT:"D:\Education\Practice\OAP\Lab14\Debug\Lab14.exe" /INCREMENTAL /NOLOGO kernel32.lib user32.lib gdi32.lib winspool.lib comdlg32.lib advapi32.lib shell32.lib ole32.lib oleaut32.lib uuid.lib odbc32.lib odbccp32.lib /MANIFEST /MANIFESTUAC:"level='asInvoker' uiAccess='false'" /manifest:embed /DEBUG:FASTLINK /PDB:"D:\Education\Practice\OAP\Lab14\Debug\Lab14.pdb" /SUBSYSTEM:CONSOLE /TLBID:1 /DYNAMICBASE /NXCOMPAT /IMPLIB:"D:\Education\Practice\OAP\Lab14\Debug\Lab14.lib" /MACHINE:X86 Debug\HashFunctions.obj
         Debug\Menu.obj
         Lab14.vcxproj -> D:\Education\Practice\OAP\Lab14\Debug\Lab14.exe
       FinalizeBuildStatus:
         Файл "Debug\Lab14.tlog\unsuccessfulbuild" удаляется.
         Обращение к "Debug\Lab14.tlog\Lab14.lastbuildstate".
     1>Сборка проекта "D:\Education\Practice\OAP\Lab14\Lab14\Lab14.vcxproj" завершена (целевые объекты Build).

Сборка успешно завершена.

       "D:\Education\Practice\OAP\Lab14\Lab14\Lab14.vcxproj" (целевой объект Build ) (1) ->
       (Целевой объект ClCompile) -> 
         D:\Education\Practice\OAP\Lab14\Lab14\HashFunctions.cpp(24,12): warning C4244: аргумент: преобразование "time_t" в "unsigned int", возможна потеря данных
         D:\Education\Practice\OAP\Lab14\Lab14\HashFunctions.cpp(32,11): warning C4244: return: преобразование "double" в "int", возможна потеря данных

    Предупреждений: 2
    Ошибок: 0

Прошло времени 00:00:01.07
