Сборка начата 14.05.20 19:14:45.
Уровень детализации журнала: Normal.     1>Проект "D:\Education\Practice\OAP\Lab17_dops\Lab17_dops\Lab17_dops.vcxproj" в узле 2 (целевые объекты Build).
     1>InitializeBuildStatus:
         Создание "Debug\Lab17_dops.tlog\unsuccessfulbuild", так как было задано "AlwaysCreate".
       ClCompile:
         C:\Program Files (x86)\Microsoft Visual Studio\2019\Community\VC\Tools\MSVC\14.25.28610\bin\HostX86\x86\CL.exe /c /ZI /JMC /nologo /W3 /WX- /diagnostics:column /sdl /Od /Oy- /D _DEBUG /D _CONSOLE /D _UNICODE /D UNICODE /Gm- /EHsc /RTC1 /MDd /GS /fp:precise /permissive- /Zc:wchar_t /Zc:forScope /Zc:inline /Fo"Debug\\" /Fd"Debug\vc142.pdb" /Gd /TP /analyze- /FC /errorReport:prompt Source.cpp
         Source.cpp
     1>D:\Education\Practice\OAP\Lab17_dops\Lab17_dops\Source.cpp(6,12): warning C4244: аргумент: преобразование "time_t" в "unsigned int", возможна потеря данных
     1>D:\Education\Practice\OAP\Lab17_dops\Lab17_dops\Source.cpp(76,12): warning C4244: аргумент: преобразование "time_t" в "unsigned int", возможна потеря данных
       Link:
         C:\Program Files (x86)\Microsoft Visual Studio\2019\Community\VC\Tools\MSVC\14.25.28610\bin\HostX86\x86\link.exe /ERRORREPORT:PROMPT /OUT:"D:\Education\Practice\OAP\Lab17_dops\Debug\Lab17_dops.exe" /INCREMENTAL /NOLOGO kernel32.lib user32.lib gdi32.lib winspool.lib comdlg32.lib advapi32.lib shell32.lib ole32.lib oleaut32.lib uuid.lib odbc32.lib odbccp32.lib /MANIFEST /MANIFESTUAC:"level='asInvoker' uiAccess='false'" /manifest:embed /DEBUG:FASTLINK /PDB:"D:\Education\Practice\OAP\Lab17_dops\Debug\Lab17_dops.pdb" /SUBSYSTEM:CONSOLE /TLBID:1 /DYNAMICBASE /NXCOMPAT /IMPLIB:"D:\Education\Practice\OAP\Lab17_dops\Debug\Lab17_dops.lib" /MACHINE:X86 Debug\Source.obj
         Lab17_dops.vcxproj -> D:\Education\Practice\OAP\Lab17_dops\Debug\Lab17_dops.exe
       FinalizeBuildStatus:
         Файл "Debug\Lab17_dops.tlog\unsuccessfulbuild" удаляется.
         Обращение к "Debug\Lab17_dops.tlog\Lab17_dops.lastbuildstate".
     1>Сборка проекта "D:\Education\Practice\OAP\Lab17_dops\Lab17_dops\Lab17_dops.vcxproj" завершена (целевые объекты Build).

Сборка успешно завершена.

       "D:\Education\Practice\OAP\Lab17_dops\Lab17_dops\Lab17_dops.vcxproj" (целевой объект Build ) (1) ->
       (Целевой объект ClCompile) -> 
         D:\Education\Practice\OAP\Lab17_dops\Lab17_dops\Source.cpp(6,12): warning C4244: аргумент: преобразование "time_t" в "unsigned int", возможна потеря данных
         D:\Education\Practice\OAP\Lab17_dops\Lab17_dops\Source.cpp(76,12): warning C4244: аргумент: преобразование "time_t" в "unsigned int", возможна потеря данных

    Предупреждений: 2
    Ошибок: 0

Прошло времени 00:00:00.92
