Сборка начата 19.02.20 16:56:02.
Уровень детализации журнала: Normal.     1>Проект "D:\Education\Practice\OAP\Lab2_dop3\Lab2_dop3\Lab2_dop3.vcxproj" в узле 2 (целевые объекты Build).
     1>InitializeBuildStatus:
         Создание "Debug\Lab2_dop3.tlog\unsuccessfulbuild", так как было задано "AlwaysCreate".
       ClCompile:
         C:\Program Files (x86)\Microsoft Visual Studio\2019\Community\VC\Tools\MSVC\14.24.28314\bin\HostX86\x86\CL.exe /c /ZI /JMC /nologo /W3 /WX- /diagnostics:column /sdl /Od /Oy- /D _DEBUG /D _CONSOLE /D _UNICODE /D UNICODE /Gm- /EHsc /RTC1 /MDd /GS /fp:precise /permissive- /Zc:wchar_t /Zc:forScope /Zc:inline /Fo"Debug\\" /Fd"Debug\vc142.pdb" /Gd /TP /analyze- /FC /errorReport:prompt Source.cpp
         Source.cpp
     1>D:\Education\Practice\OAP\Lab2_dop3\Lab2_dop3\Source.cpp(110,6): warning C4101: lng: неиспользованная локальная переменная
       Link:
         C:\Program Files (x86)\Microsoft Visual Studio\2019\Community\VC\Tools\MSVC\14.24.28314\bin\HostX86\x86\link.exe /ERRORREPORT:PROMPT /OUT:"D:\Education\Practice\OAP\Lab2_dop3\Debug\Lab2_dop3.exe" /INCREMENTAL /NOLOGO kernel32.lib user32.lib gdi32.lib winspool.lib comdlg32.lib advapi32.lib shell32.lib ole32.lib oleaut32.lib uuid.lib odbc32.lib odbccp32.lib /MANIFEST /MANIFESTUAC:"level='asInvoker' uiAccess='false'" /manifest:embed /DEBUG:FASTLINK /PDB:"D:\Education\Practice\OAP\Lab2_dop3\Debug\Lab2_dop3.pdb" /SUBSYSTEM:CONSOLE /TLBID:1 /DYNAMICBASE /NXCOMPAT /IMPLIB:"D:\Education\Practice\OAP\Lab2_dop3\Debug\Lab2_dop3.lib" /MACHINE:X86 Debug\Source.obj
         Lab2_dop3.vcxproj -> D:\Education\Practice\OAP\Lab2_dop3\Debug\Lab2_dop3.exe
       FinalizeBuildStatus:
         Файл "Debug\Lab2_dop3.tlog\unsuccessfulbuild" удаляется.
         Обращение к "Debug\Lab2_dop3.tlog\Lab2_dop3.lastbuildstate".
     1>Сборка проекта "D:\Education\Practice\OAP\Lab2_dop3\Lab2_dop3\Lab2_dop3.vcxproj" завершена (целевые объекты Build).

Сборка успешно завершена.

       "D:\Education\Practice\OAP\Lab2_dop3\Lab2_dop3\Lab2_dop3.vcxproj" (целевой объект Build ) (1) ->
       (Целевой объект ClCompile) -> 
         D:\Education\Practice\OAP\Lab2_dop3\Lab2_dop3\Source.cpp(110,6): warning C4101: lng: неиспользованная локальная переменная

    Предупреждений: 1
    Ошибок: 0

Прошло времени 00:00:02.10
