Сборка начата 30.05.20 14:56:12.
Уровень детализации журнала: Normal.     1>Проект "D:\Education\Practice\OAP\Lab15_dop2\Laba 14 dop 2.vcxproj" в узле 2 (целевые объекты Build).
     1>C:\Program Files (x86)\Microsoft Visual Studio\2019\Community\MSBuild\Microsoft\VC\v160\Microsoft.CppBuild.targets(467,5): warning MSB8028: промежуточный каталог (Debug\) содержит файлы, которые используются совместно с другим проектом (Laba 14 dop 2.vcxproj).  Это может привести к ошибкам очистки и перестроения.
         Создание каталога "Debug\Lab15_dop2.tlog\".
     1>InitializeBuildStatus:
         Создание "Debug\Lab15_dop2.tlog\unsuccessfulbuild", так как было задано "AlwaysCreate".
       ClCompile:
         C:\Program Files (x86)\Microsoft Visual Studio\2019\Community\VC\Tools\MSVC\14.25.28610\bin\HostX86\x86\CL.exe /c /ZI /JMC /nologo /W3 /WX- /diagnostics:column /sdl /Od /Oy- /D _MBCS /Gm- /EHsc /RTC1 /MDd /GS /fp:precise /permissive- /Zc:wchar_t /Zc:forScope /Zc:inline /Fo"Debug\\" /Fd"Debug\vc142.pdb" /Gd /TP /analyze- /FC /errorReport:prompt Main.cpp Source.cpp
         Main.cpp
     1>D:\Education\Practice\OAP\Lab15_dop2\Main.cpp(5,1): warning C4326: возвращаемый тип "main" должен быть "int", а не "void"
         Source.cpp
     1>D:\Education\Practice\OAP\Lab15_dop2\Source.cpp(7,20): warning C4018: <: несоответствие типов со знаком и без знака
         Создание кода...
       Link:
         C:\Program Files (x86)\Microsoft Visual Studio\2019\Community\VC\Tools\MSVC\14.25.28610\bin\HostX86\x86\link.exe /ERRORREPORT:PROMPT /OUT:"D:\Education\Practice\OAP\Lab15_dop2\Debug\Lab15_dop2.exe" /INCREMENTAL /NOLOGO kernel32.lib user32.lib gdi32.lib winspool.lib comdlg32.lib advapi32.lib shell32.lib ole32.lib oleaut32.lib uuid.lib odbc32.lib odbccp32.lib /MANIFEST /MANIFESTUAC:"level='asInvoker' uiAccess='false'" /manifest:embed /DEBUG:FASTLINK /PDB:"D:\Education\Practice\OAP\Lab15_dop2\Debug\Lab15_dop2.pdb" /SUBSYSTEM:CONSOLE /TLBID:1 /DYNAMICBASE /NXCOMPAT /IMPLIB:"D:\Education\Practice\OAP\Lab15_dop2\Debug\Lab15_dop2.lib" /MACHINE:X86 Debug\Main.obj
         Debug\Source.obj
         Laba 14 dop 2.vcxproj -> D:\Education\Practice\OAP\Lab15_dop2\Debug\Lab15_dop2.exe
       FinalizeBuildStatus:
         Файл "Debug\Lab15_dop2.tlog\unsuccessfulbuild" удаляется.
         Обращение к "Debug\Lab15_dop2.tlog\Lab15_dop2.lastbuildstate".
     1>Сборка проекта "D:\Education\Practice\OAP\Lab15_dop2\Laba 14 dop 2.vcxproj" завершена (целевые объекты Build).

Сборка успешно завершена.

       "D:\Education\Practice\OAP\Lab15_dop2\Laba 14 dop 2.vcxproj" (целевой объект Build ) (1) ->
       (Целевой объект PrepareForBuild) -> 
         C:\Program Files (x86)\Microsoft Visual Studio\2019\Community\MSBuild\Microsoft\VC\v160\Microsoft.CppBuild.targets(467,5): warning MSB8028: промежуточный каталог (Debug\) содержит файлы, которые используются совместно с другим проектом (Laba 14 dop 2.vcxproj).  Это может привести к ошибкам очистки и перестроения.


       "D:\Education\Practice\OAP\Lab15_dop2\Laba 14 dop 2.vcxproj" (целевой объект Build ) (1) ->
       (Целевой объект ClCompile) -> 
         D:\Education\Practice\OAP\Lab15_dop2\Main.cpp(5,1): warning C4326: возвращаемый тип "main" должен быть "int", а не "void"
         D:\Education\Practice\OAP\Lab15_dop2\Source.cpp(7,20): warning C4018: <: несоответствие типов со знаком и без знака

    Предупреждений: 3
    Ошибок: 0

Прошло времени 00:00:02.05
